{
"C:\\angular\\angular2-webpack-sample\\src\\app\\about\\about.component.ts":{"path":"C:\\angular\\angular2-webpack-sample\\src\\app\\about\\about.component.ts","s":{"1":1,"2":1,"3":1,"4":1,"5":1,"6":1,"7":1,"8":1},"b":{},"f":{"1":1,"2":1,"3":1},"fnMap":{"1":{"name":"(anonymous_1)","line":3,"loc":{"start":{"line":3,"column":22},"end":{"line":3,"column":34}}},"2":{"name":"AboutComponent","line":4,"loc":{"start":{"line":4,"column":4},"end":{"line":4,"column":30}}},"3":{"name":"(anonymous_3)","line":7,"loc":{"start":{"line":7,"column":40},"end":{"line":7,"column":52}}}},"statementMap":{"1":{"start":{"line":2,"column":0},"end":{"line":2,"column":38}},"2":{"start":{"line":3,"column":0},"end":{"line":19,"column":5}},"3":{"start":{"line":4,"column":4},"end":{"line":6,"column":5}},"4":{"start":{"line":7,"column":4},"end":{"line":9,"column":6}},"5":{"start":{"line":8,"column":8},"end":{"line":8,"column":35}},"6":{"start":{"line":10,"column":4},"end":{"line":17,"column":23}},"7":{"start":{"line":18,"column":4},"end":{"line":18,"column":26}},"8":{"start":{"line":20,"column":0},"end":{"line":20,"column":40}}},"branchMap":{},"code":["\"use strict\";","var core_1 = require('@angular/core');","var AboutComponent = (function () {","    function AboutComponent() {","        // Do stuff","    }","    AboutComponent.prototype.ngOnInit = function () {","        console.log('Hello About');","    };","    AboutComponent = __decorate([","        core_1.Component({","            selector: 'my-about',","            template: require('./about.component.html'),","            styles: [require('./about.component.scss')]","        }), ","        __metadata('design:paramtypes', [])","    ], AboutComponent);","    return AboutComponent;","}());","exports.AboutComponent = AboutComponent;","//# sourceMappingURL=data:application/json;base64,eyJ2ZXJzaW9uIjozLCJmaWxlIjoiYWJvdXQuY29tcG9uZW50LmpzIiwic291cmNlUm9vdCI6IkM6L2FuZ3VsYXIvYW5ndWxhcjItd2VicGFjay1zYW1wbGUvc3JjLyIsInNvdXJjZXMiOlsiYXBwL2Fib3V0L2Fib3V0LmNvbXBvbmVudC50cyJdLCJuYW1lcyI6W10sIm1hcHBpbmdzIjoiO0FBQUEscUJBQWtDLGVBQWUsQ0FBQyxDQUFBO0FBT2xEO0lBRUU7UUFDRSxXQUFXO0lBQ2IsQ0FBQztJQUVELGlDQUFRLEdBQVI7UUFDRSxPQUFPLENBQUMsR0FBRyxDQUFDLGFBQWEsQ0FBQyxDQUFDO0lBQzdCLENBQUM7SUFiSDtRQUFDLGdCQUFTLENBQUM7WUFDVCxRQUFRLEVBQUUsVUFBVTtZQUNwQixRQUFRLEVBQUUsT0FBTyxDQUFDLHdCQUF3QixDQUFDO1lBQzNDLE1BQU0sRUFBRSxDQUFDLE9BQU8sQ0FBQyx3QkFBd0IsQ0FBQyxDQUFDO1NBQzVDLENBQUM7O3NCQUFBO0lBV0YscUJBQUM7QUFBRCxDQUFDLEFBVkQsSUFVQztBQVZZLHNCQUFjLGlCQVUxQixDQUFBIn0="],"l":{"2":1,"3":1,"4":1,"7":1,"8":1,"10":1,"18":1,"20":1}},
"C:\\angular\\angular2-webpack-sample\\src\\app\\shared\\index.ts":{"path":"C:\\angular\\angular2-webpack-sample\\src\\app\\shared\\index.ts","s":{"1":1,"2":1,"3":1,"4":1,"5":1},"b":{"1":[1,0]},"f":{"1":1},"fnMap":{"1":{"name":"__export","line":2,"loc":{"start":{"line":2,"column":0},"end":{"line":2,"column":21}}}},"statementMap":{"1":{"start":{"line":2,"column":0},"end":{"line":4,"column":1}},"2":{"start":{"line":3,"column":4},"end":{"line":3,"column":71}},"3":{"start":{"line":3,"column":21},"end":{"line":3,"column":71}},"4":{"start":{"line":3,"column":53},"end":{"line":3,"column":71}},"5":{"start":{"line":5,"column":0},"end":{"line":5,"column":35}}},"branchMap":{"1":{"line":3,"type":"if","locations":[{"start":{"line":3,"column":21},"end":{"line":3,"column":21}},{"start":{"line":3,"column":21},"end":{"line":3,"column":21}}]}},"code":["\"use strict\";","function __export(m) {","    for (var p in m) if (!exports.hasOwnProperty(p)) exports[p] = m[p];","}","__export(require('./api.service'));","//# sourceMappingURL=data:application/json;base64,eyJ2ZXJzaW9uIjozLCJmaWxlIjoiaW5kZXguanMiLCJzb3VyY2VSb290IjoiQzovYW5ndWxhci9hbmd1bGFyMi13ZWJwYWNrLXNhbXBsZS9zcmMvIiwic291cmNlcyI6WyJhcHAvc2hhcmVkL2luZGV4LnRzIl0sIm5hbWVzIjpbXSwibWFwcGluZ3MiOiI7Ozs7QUFBQSxpQkFBYyxlQUFlLENBQUMsRUFBQSJ9"],"l":{"2":1,"3":1,"5":1}},
"C:\\angular\\angular2-webpack-sample\\src\\app\\shared\\api.service.ts":{"path":"C:\\angular\\angular2-webpack-sample\\src\\app\\shared\\api.service.ts","s":{"1":1,"2":1,"3":1,"4":2,"5":1,"6":1,"7":1},"b":{},"f":{"1":1,"2":2},"fnMap":{"1":{"name":"(anonymous_1)","line":3,"loc":{"start":{"line":3,"column":18},"end":{"line":3,"column":30}}},"2":{"name":"ApiService","line":4,"loc":{"start":{"line":4,"column":4},"end":{"line":4,"column":26}}}},"statementMap":{"1":{"start":{"line":2,"column":0},"end":{"line":2,"column":38}},"2":{"start":{"line":3,"column":0},"end":{"line":12,"column":5}},"3":{"start":{"line":4,"column":4},"end":{"line":6,"column":5}},"4":{"start":{"line":5,"column":8},"end":{"line":5,"column":33}},"5":{"start":{"line":7,"column":4},"end":{"line":10,"column":19}},"6":{"start":{"line":11,"column":4},"end":{"line":11,"column":22}},"7":{"start":{"line":13,"column":0},"end":{"line":13,"column":32}}},"branchMap":{},"code":["\"use strict\";","var core_1 = require('@angular/core');","var ApiService = (function () {","    function ApiService() {","        this.title = 'Angular 2';","    }","    ApiService = __decorate([","        core_1.Injectable(), ","        __metadata('design:paramtypes', [])","    ], ApiService);","    return ApiService;","}());","exports.ApiService = ApiService;","//# sourceMappingURL=data:application/json;base64,eyJ2ZXJzaW9uIjozLCJmaWxlIjoiYXBpLnNlcnZpY2UuanMiLCJzb3VyY2VSb290IjoiQzovYW5ndWxhci9hbmd1bGFyMi13ZWJwYWNrLXNhbXBsZS9zcmMvIiwic291cmNlcyI6WyJhcHAvc2hhcmVkL2FwaS5zZXJ2aWNlLnRzIl0sIm5hbWVzIjpbXSwibWFwcGluZ3MiOiI7QUFBQSxxQkFBMkIsZUFBZSxDQUFDLENBQUE7QUFHM0M7SUFBQTtRQUNFLFVBQUssR0FBRyxXQUFXLENBQUM7SUFDdEIsQ0FBQztJQUhEO1FBQUMsaUJBQVUsRUFBRTs7a0JBQUE7SUFHYixpQkFBQztBQUFELENBQUMsQUFGRCxJQUVDO0FBRlksa0JBQVUsYUFFdEIsQ0FBQSJ9"],"l":{"2":1,"3":1,"4":1,"5":2,"7":1,"11":1,"13":1}},
"C:\\angular\\angular2-webpack-sample\\src\\app\\app.component.ts":{"path":"C:\\angular\\angular2-webpack-sample\\src\\app\\app.component.ts","s":{"1":1,"2":1,"3":1,"4":1,"5":1,"6":1,"7":1,"8":1,"9":1,"10":1,"11":1},"b":{},"f":{"1":1,"2":1},"fnMap":{"1":{"name":"(anonymous_1)","line":10,"loc":{"start":{"line":10,"column":20},"end":{"line":10,"column":32}}},"2":{"name":"AppComponent","line":11,"loc":{"start":{"line":11,"column":4},"end":{"line":11,"column":31}}}},"statementMap":{"1":{"start":{"line":2,"column":0},"end":{"line":2,"column":38}},"2":{"start":{"line":3,"column":0},"end":{"line":3,"column":42}},"3":{"start":{"line":4,"column":0},"end":{"line":4,"column":35}},"4":{"start":{"line":5,"column":0},"end":{"line":5,"column":29}},"5":{"start":{"line":10,"column":0},"end":{"line":26,"column":5}},"6":{"start":{"line":11,"column":4},"end":{"line":14,"column":5}},"7":{"start":{"line":12,"column":8},"end":{"line":12,"column":23}},"8":{"start":{"line":13,"column":8},"end":{"line":13,"column":65}},"9":{"start":{"line":15,"column":4},"end":{"line":24,"column":21}},"10":{"start":{"line":25,"column":4},"end":{"line":25,"column":24}},"11":{"start":{"line":27,"column":0},"end":{"line":27,"column":36}}},"branchMap":{},"code":["\"use strict\";","var core_1 = require('@angular/core');","var router_1 = require('@angular/router');","var shared_1 = require('./shared');","require('../style/app.scss');","/*"," * App Component"," * Top Level Component"," */","var AppComponent = (function () {","    function AppComponent(api) {","        this.api = api;","        this.url = 'https://github.com/preboot/angular2-webpack';","    }","    AppComponent = __decorate([","        core_1.Component({","            selector: 'my-app',","            providers: [shared_1.ApiService],","            directives: router_1.ROUTER_DIRECTIVES.slice(),","            template: require('./app.component.html'),","            styles: [require('./app.component.scss')],","        }), ","        __metadata('design:paramtypes', [shared_1.ApiService])","    ], AppComponent);","    return AppComponent;","}());","exports.AppComponent = AppComponent;","//# sourceMappingURL=data:application/json;base64,eyJ2ZXJzaW9uIjozLCJmaWxlIjoiYXBwLmNvbXBvbmVudC5qcyIsInNvdXJjZVJvb3QiOiJDOi9hbmd1bGFyL2FuZ3VsYXIyLXdlYnBhY2stc2FtcGxlL3NyYy8iLCJzb3VyY2VzIjpbImFwcC9hcHAuY29tcG9uZW50LnRzIl0sIm5hbWVzIjpbXSwibWFwcGluZ3MiOiI7QUFBQSxxQkFBMEIsZUFBZSxDQUFDLENBQUE7QUFDMUMsdUJBQWtDLGlCQUFpQixDQUFDLENBQUE7QUFFcEQsdUJBQTJCLFVBQVUsQ0FBQyxDQUFBO0FBRXRDLFFBQU8sbUJBQW1CLENBQUMsQ0FBQTtBQUUzQjs7O0dBR0c7QUFRSDtJQUdFLHNCQUFvQixHQUFlO1FBQWYsUUFBRyxHQUFILEdBQUcsQ0FBWTtRQUZuQyxRQUFHLEdBQUcsNkNBQTZDLENBQUM7SUFHcEQsQ0FBQztJQVhIO1FBQUMsZ0JBQVMsQ0FBQztZQUNULFFBQVEsRUFBRSxRQUFRO1lBQ2xCLFNBQVMsRUFBRSxDQUFDLG1CQUFVLENBQUM7WUFDdkIsVUFBVSxFQUFNLDBCQUFpQixRQUFDO1lBQ2xDLFFBQVEsRUFBRSxPQUFPLENBQUMsc0JBQXNCLENBQUM7WUFDekMsTUFBTSxFQUFFLENBQUMsT0FBTyxDQUFDLHNCQUFzQixDQUFDLENBQUM7U0FDMUMsQ0FBQzs7b0JBQUE7SUFNRixtQkFBQztBQUFELENBQUMsQUFMRCxJQUtDO0FBTFksb0JBQVksZUFLeEIsQ0FBQSJ9"],"l":{"2":1,"3":1,"4":1,"5":1,"10":1,"11":1,"12":1,"13":1,"15":1,"25":1,"27":1}},
"C:\\angular\\angular2-webpack-sample\\src\\app\\home\\home.component.ts":{"path":"C:\\angular\\angular2-webpack-sample\\src\\app\\home\\home.component.ts","s":{"1":1,"2":1,"3":1,"4":1,"5":1,"6":1,"7":1,"8":1},"b":{},"f":{"1":1,"2":1,"3":1},"fnMap":{"1":{"name":"(anonymous_1)","line":3,"loc":{"start":{"line":3,"column":21},"end":{"line":3,"column":33}}},"2":{"name":"HomeComponent","line":4,"loc":{"start":{"line":4,"column":4},"end":{"line":4,"column":29}}},"3":{"name":"(anonymous_3)","line":7,"loc":{"start":{"line":7,"column":39},"end":{"line":7,"column":51}}}},"statementMap":{"1":{"start":{"line":2,"column":0},"end":{"line":2,"column":38}},"2":{"start":{"line":3,"column":0},"end":{"line":19,"column":5}},"3":{"start":{"line":4,"column":4},"end":{"line":6,"column":5}},"4":{"start":{"line":7,"column":4},"end":{"line":9,"column":6}},"5":{"start":{"line":8,"column":8},"end":{"line":8,"column":34}},"6":{"start":{"line":10,"column":4},"end":{"line":17,"column":22}},"7":{"start":{"line":18,"column":4},"end":{"line":18,"column":25}},"8":{"start":{"line":20,"column":0},"end":{"line":20,"column":38}}},"branchMap":{},"code":["\"use strict\";","var core_1 = require('@angular/core');","var HomeComponent = (function () {","    function HomeComponent() {","        // Do stuff","    }","    HomeComponent.prototype.ngOnInit = function () {","        console.log('Hello Home');","    };","    HomeComponent = __decorate([","        core_1.Component({","            selector: 'my-home',","            template: require('./home.component.html'),","            styles: [require('./home.component.scss')]","        }), ","        __metadata('design:paramtypes', [])","    ], HomeComponent);","    return HomeComponent;","}());","exports.HomeComponent = HomeComponent;","//# sourceMappingURL=data:application/json;base64,eyJ2ZXJzaW9uIjozLCJmaWxlIjoiaG9tZS5jb21wb25lbnQuanMiLCJzb3VyY2VSb290IjoiQzovYW5ndWxhci9hbmd1bGFyMi13ZWJwYWNrLXNhbXBsZS9zcmMvIiwic291cmNlcyI6WyJhcHAvaG9tZS9ob21lLmNvbXBvbmVudC50cyJdLCJuYW1lcyI6W10sIm1hcHBpbmdzIjoiO0FBQUEscUJBQWtDLGVBQWUsQ0FBQyxDQUFBO0FBT2xEO0lBRUU7UUFDRSxXQUFXO0lBQ2IsQ0FBQztJQUVELGdDQUFRLEdBQVI7UUFDRSxPQUFPLENBQUMsR0FBRyxDQUFDLFlBQVksQ0FBQyxDQUFDO0lBQzVCLENBQUM7SUFiSDtRQUFDLGdCQUFTLENBQUM7WUFDVCxRQUFRLEVBQUUsU0FBUztZQUNuQixRQUFRLEVBQUUsT0FBTyxDQUFDLHVCQUF1QixDQUFDO1lBQzFDLE1BQU0sRUFBRSxDQUFDLE9BQU8sQ0FBQyx1QkFBdUIsQ0FBQyxDQUFDO1NBQzNDLENBQUM7O3FCQUFBO0lBV0Ysb0JBQUM7QUFBRCxDQUFDLEFBVkQsSUFVQztBQVZZLHFCQUFhLGdCQVV6QixDQUFBIn0="],"l":{"2":1,"3":1,"4":1,"7":1,"8":1,"10":1,"18":1,"20":1}},
"C:\\angular\\angular2-webpack-sample\\src\\app\\sample\\sample.component.ts":{"path":"C:\\angular\\angular2-webpack-sample\\src\\app\\sample\\sample.component.ts","s":{"1":1,"2":1,"3":1,"4":1,"5":1,"6":1,"7":1,"8":1},"b":{},"f":{"1":1,"2":1,"3":1},"fnMap":{"1":{"name":"(anonymous_1)","line":3,"loc":{"start":{"line":3,"column":23},"end":{"line":3,"column":35}}},"2":{"name":"SampleComponent","line":4,"loc":{"start":{"line":4,"column":4},"end":{"line":4,"column":31}}},"3":{"name":"(anonymous_3)","line":7,"loc":{"start":{"line":7,"column":41},"end":{"line":7,"column":53}}}},"statementMap":{"1":{"start":{"line":2,"column":0},"end":{"line":2,"column":38}},"2":{"start":{"line":3,"column":0},"end":{"line":19,"column":5}},"3":{"start":{"line":4,"column":4},"end":{"line":6,"column":5}},"4":{"start":{"line":7,"column":4},"end":{"line":9,"column":6}},"5":{"start":{"line":8,"column":8},"end":{"line":8,"column":36}},"6":{"start":{"line":10,"column":4},"end":{"line":17,"column":24}},"7":{"start":{"line":18,"column":4},"end":{"line":18,"column":27}},"8":{"start":{"line":20,"column":0},"end":{"line":20,"column":42}}},"branchMap":{},"code":["\"use strict\";","var core_1 = require('@angular/core');","var SampleComponent = (function () {","    function SampleComponent() {","        // Do stuff","    }","    SampleComponent.prototype.ngOnInit = function () {","        console.log('Hello Sample');","    };","    SampleComponent = __decorate([","        core_1.Component({","            selector: 'my-sample',","            template: require('./sample.component.html'),","            styles: [require('./sample.component.scss')]","        }), ","        __metadata('design:paramtypes', [])","    ], SampleComponent);","    return SampleComponent;","}());","exports.SampleComponent = SampleComponent;","//# sourceMappingURL=data:application/json;base64,eyJ2ZXJzaW9uIjozLCJmaWxlIjoic2FtcGxlLmNvbXBvbmVudC5qcyIsInNvdXJjZVJvb3QiOiJDOi9hbmd1bGFyL2FuZ3VsYXIyLXdlYnBhY2stc2FtcGxlL3NyYy8iLCJzb3VyY2VzIjpbImFwcC9zYW1wbGUvc2FtcGxlLmNvbXBvbmVudC50cyJdLCJuYW1lcyI6W10sIm1hcHBpbmdzIjoiO0FBQUEscUJBQWtDLGVBQWUsQ0FBQyxDQUFBO0FBT2xEO0lBRUU7UUFDRSxXQUFXO0lBQ2IsQ0FBQztJQUVELGtDQUFRLEdBQVI7UUFDRSxPQUFPLENBQUMsR0FBRyxDQUFDLGNBQWMsQ0FBQyxDQUFDO0lBQzlCLENBQUM7SUFiSDtRQUFDLGdCQUFTLENBQUM7WUFDVCxRQUFRLEVBQUUsV0FBVztZQUNyQixRQUFRLEVBQUUsT0FBTyxDQUFDLHlCQUF5QixDQUFDO1lBQzVDLE1BQU0sRUFBRSxDQUFDLE9BQU8sQ0FBQyx5QkFBeUIsQ0FBQyxDQUFDO1NBQzdDLENBQUM7O3VCQUFBO0lBV0Ysc0JBQUM7QUFBRCxDQUFDLEFBVkQsSUFVQztBQVZZLHVCQUFlLGtCQVUzQixDQUFBIn0="],"l":{"2":1,"3":1,"4":1,"7":1,"8":1,"10":1,"18":1,"20":1}}}
